0 info it worked if it ends with ok
1 verbose cli [ '/usr/local/bin/node',
1 verbose cli   '/usr/local/bin/npm',
1 verbose cli   'install',
1 verbose cli   'gulp-handlebars-compile',
1 verbose cli   '--save-dev' ]
2 info using npm@1.4.28
3 info using node@v0.10.32
4 warn package.json tes-learning@0.0.1 No repository field.
5 warn package.json tes-learning@0.0.1 No README data
6 verbose readDependencies using package.json deps
7 verbose cache add [ 'gulp-handlebars-compile', null ]
8 verbose cache add name=undefined spec="gulp-handlebars-compile" args=["gulp-handlebars-compile",null]
9 verbose parsed url { protocol: null,
9 verbose parsed url   slashes: null,
9 verbose parsed url   auth: null,
9 verbose parsed url   host: null,
9 verbose parsed url   port: null,
9 verbose parsed url   hostname: null,
9 verbose parsed url   hash: null,
9 verbose parsed url   search: null,
9 verbose parsed url   query: null,
9 verbose parsed url   pathname: 'gulp-handlebars-compile',
9 verbose parsed url   path: 'gulp-handlebars-compile',
9 verbose parsed url   href: 'gulp-handlebars-compile' }
10 silly lockFile b4993586-gulp-handlebars-compile gulp-handlebars-compile
11 verbose lock gulp-handlebars-compile /Users/tomchambers/.npm/b4993586-gulp-handlebars-compile.lock
12 silly lockFile b4993586-gulp-handlebars-compile gulp-handlebars-compile
13 silly lockFile b4993586-gulp-handlebars-compile gulp-handlebars-compile
14 verbose addNamed [ 'gulp-handlebars-compile', '' ]
15 verbose addNamed [ null, '*' ]
16 silly lockFile 774a334b-gulp-handlebars-compile gulp-handlebars-compile@
17 verbose lock gulp-handlebars-compile@ /Users/tomchambers/.npm/774a334b-gulp-handlebars-compile.lock
18 silly addNameRange { name: 'gulp-handlebars-compile', range: '*', hasData: false }
19 verbose request where is /gulp-handlebars-compile
20 verbose request registry https://registry.npmjs.org/
21 verbose request id a64670bd045ab7a6
22 verbose url raw /gulp-handlebars-compile
23 verbose url resolving [ 'https://registry.npmjs.org/', './gulp-handlebars-compile' ]
24 verbose url resolved https://registry.npmjs.org/gulp-handlebars-compile
25 verbose request where is https://registry.npmjs.org/gulp-handlebars-compile
26 info trying registry request attempt 1 at 11:25:00
27 http GET https://registry.npmjs.org/gulp-handlebars-compile
28 http 404 https://registry.npmjs.org/gulp-handlebars-compile
29 verbose headers { date: 'Fri, 10 Oct 2014 10:24:59 GMT',
29 verbose headers   server: 'CouchDB/1.5.0 (Erlang OTP/R16B03)',
29 verbose headers   'content-type': 'application/json',
29 verbose headers   'cache-control': 'max-age=0',
29 verbose headers   'content-length': '52',
29 verbose headers   'accept-ranges': 'bytes',
29 verbose headers   via: '1.1 varnish',
29 verbose headers   age: '0',
29 verbose headers   'x-served-by': 'cache-fra1222-FRA',
29 verbose headers   'x-cache': 'MISS',
29 verbose headers   'x-cache-hits': '0',
29 verbose headers   'x-timer': 'S1412936699.536304,VS0,VE455',
29 verbose headers   'keep-alive': 'timeout=10, max=50',
29 verbose headers   connection: 'Keep-Alive' }
30 silly registry.get cb [ 404,
30 silly registry.get   { date: 'Fri, 10 Oct 2014 10:24:59 GMT',
30 silly registry.get     server: 'CouchDB/1.5.0 (Erlang OTP/R16B03)',
30 silly registry.get     'content-type': 'application/json',
30 silly registry.get     'cache-control': 'max-age=0',
30 silly registry.get     'content-length': '52',
30 silly registry.get     'accept-ranges': 'bytes',
30 silly registry.get     via: '1.1 varnish',
30 silly registry.get     age: '0',
30 silly registry.get     'x-served-by': 'cache-fra1222-FRA',
30 silly registry.get     'x-cache': 'MISS',
30 silly registry.get     'x-cache-hits': '0',
30 silly registry.get     'x-timer': 'S1412936699.536304,VS0,VE455',
30 silly registry.get     'keep-alive': 'timeout=10, max=50',
30 silly registry.get     connection: 'Keep-Alive' } ]
31 silly lockFile 774a334b-gulp-handlebars-compile gulp-handlebars-compile@
32 silly lockFile 774a334b-gulp-handlebars-compile gulp-handlebars-compile@
33 error 404 404 Not Found: gulp-handlebars-compile
33 error 404
33 error 404 'gulp-handlebars-compile' is not in the npm registry.
33 error 404 You should bug the author to publish it
33 error 404 It was specified as a dependency of 'tes-learning'
33 error 404
33 error 404 Note that you can also install from a
33 error 404 tarball, folder, or http url, or git url.
34 error System Darwin 14.0.0
35 error command "/usr/local/bin/node" "/usr/local/bin/npm" "install" "gulp-handlebars-compile" "--save-dev"
36 error cwd /Users/tomchambers/projects/tes-learning
37 error node -v v0.10.32
38 error npm -v 1.4.28
39 error code E404
40 verbose exit [ 1, true ]
